# JRE version: OpenJDK Runtime Environment Temurin-17.0.6+10 (17.0.6+10) (build 17.0.6+10)
# Java VM: OpenJDK 64-Bit Server VM Temurin-17.0.6+10 (17.0.6+10, mixed mode, tiered, compressed oops, compressed class ptrs, g1 gc, windows-amd64)
GC Precious Log:
 CPUs: 4 total, 4 available
 Memory: 8130M
 Large Page Support: Disabled
 NUMA Support: Disabled
 Compressed Oops: Enabled (32-bit)
 Heap Region Size: 1M
 Heap Min Capacity: 8M
 Heap Initial Capacity: 128M
 Heap Max Capacity: 2034M
 Pre-touch: Disabled
 Parallel Workers: 4
 Concurrent Workers: 1
 Concurrent Refinement Workers: 4
 Periodic GC: Disabled
Heap:
 garbage-first heap   total 221184K, used 103605K [0x0000000080e00000, 0x0000000100000000)
  region size 1024K, 50 young (51200K), 4 survivors (4096K)
 Metaspace       used 84768K, committed 85376K, reserved 1130496K
  class space    used 10919K, committed 11200K, reserved 1048576K
GC Heap History (20 events):
Event: 10.111 GC heap before
{Heap before GC invocations=30 (full 0):
 garbage-first heap   total 66560K, used 54051K [0x0000000080e00000, 0x0000000100000000)
  region size 1024K, 27 young (27648K), 3 survivors (3072K)
 Metaspace       used 74266K, committed 74816K, reserved 1122304K
  class space    used 9598K, committed 9856K, reserved 1048576K
}
Event: 10.120 GC heap after
{Heap after GC invocations=31 (full 0):
 garbage-first heap   total 66560K, used 33754K [0x0000000080e00000, 0x0000000100000000)
  region size 1024K, 4 young (4096K), 4 survivors (4096K)
 Metaspace       used 74266K, committed 74816K, reserved 1122304K
  class space    used 9598K, committed 9856K, reserved 1048576K
}
Event: 10.286 GC heap before
{Heap before GC invocations=31 (full 0):
 garbage-first heap   total 66560K, used 52186K [0x0000000080e00000, 0x0000000100000000)
  region size 1024K, 22 young (22528K), 4 survivors (4096K)
 Metaspace       used 74317K, committed 74816K, reserved 1122304K
  class space    used 9601K, committed 9856K, reserved 1048576K
}
Event: 10.295 GC heap after
{Heap after GC invocations=32 (full 0):
 garbage-first heap   total 66560K, used 39279K [0x0000000080e00000, 0x0000000100000000)
  region size 1024K, 3 young (3072K), 3 survivors (3072K)
 Metaspace       used 74317K, committed 74816K, reserved 1122304K
  class space    used 9601K, committed 9856K, reserved 1048576K
}
Event: 10.436 GC heap before
{Heap before GC invocations=33 (full 0):
 garbage-first heap   total 71680K, used 43375K [0x0000000080e00000, 0x0000000100000000)
  region size 1024K, 8 young (8192K), 3 survivors (3072K)
 Metaspace       used 74433K, committed 74944K, reserved 1122304K
  class space    used 9612K, committed 9856K, reserved 1048576K
}
Event: 10.440 GC heap after
{Heap after GC invocations=34 (full 0):
 garbage-first heap   total 71680K, used 41244K [0x0000000080e00000, 0x0000000100000000)
  region size 1024K, 2 young (2048K), 2 survivors (2048K)
 Metaspace       used 74433K, committed 74944K, reserved 1122304K
  class space    used 9612K, committed 9856K, reserved 1048576K
}
Event: 10.579 GC heap before
{Heap before GC invocations=35 (full 0):
 garbage-first heap   total 89088K, used 52508K [0x0000000080e00000, 0x0000000100000000)
  region size 1024K, 13 young (13312K), 2 survivors (2048K)
 Metaspace       used 74472K, committed 75008K, reserved 1122304K
  class space    used 9612K, committed 9856K, reserved 1048576K
}
Event: 10.582 GC heap after
{Heap after GC invocations=36 (full 0):
 garbage-first heap   total 89088K, used 43480K [0x0000000080e00000, 0x0000000100000000)
  region size 1024K, 2 young (2048K), 2 survivors (2048K)
 Metaspace       used 74472K, committed 75008K, reserved 1122304K
  class space    used 9612K, committed 9856K, reserved 1048576K
}
Event: 10.595 GC heap before
{Heap before GC invocations=36 (full 0):
 garbage-first heap   total 89088K, used 45528K [0x0000000080e00000, 0x0000000100000000)
  region size 1024K, 4 young (4096K), 2 survivors (2048K)
 Metaspace       used 74481K, committed 75008K, reserved 1122304K
  class space    used 9613K, committed 9856K, reserved 1048576K
}
Event: 10.600 GC heap after
{Heap after GC invocations=37 (full 0):
 garbage-first heap   total 89088K, used 44065K [0x0000000080e00000, 0x0000000100000000)
  region size 1024K, 1 young (1024K), 1 survivors (1024K)
 Metaspace       used 74481K, committed 75008K, reserved 1122304K
  class space    used 9613K, committed 9856K, reserved 1048576K
}
Event: 10.718 GC heap before
{Heap before GC invocations=37 (full 0):
 garbage-first heap   total 89088K, used 62497K [0x0000000080e00000, 0x0000000100000000)
  region size 1024K, 20 young (20480K), 1 survivors (1024K)
 Metaspace       used 74494K, committed 75008K, reserved 1122304K
  class space    used 9613K, committed 9856K, reserved 1048576K
}
Event: 10.723 GC heap after
{Heap after GC invocations=38 (full 0):
 garbage-first heap   total 89088K, used 49557K [0x0000000080e00000, 0x0000000100000000)
  region size 1024K, 3 young (3072K), 3 survivors (3072K)
 Metaspace       used 74494K, committed 75008K, reserved 1122304K
  class space    used 9613K, committed 9856K, reserved 1048576K
}
Event: 10.903 GC heap before
{Heap before GC invocations=39 (full 0):
 garbage-first heap   total 89088K, used 63893K [0x0000000080e00000, 0x0000000100000000)
  region size 1024K, 19 young (19456K), 3 survivors (3072K)
 Metaspace       used 74557K, committed 75072K, reserved 1122304K
  class space    used 9613K, committed 9856K, reserved 1048576K
}
Event: 10.908 GC heap after
{Heap after GC invocations=40 (full 0):
 garbage-first heap   total 89088K, used 51323K [0x0000000080e00000, 0x0000000100000000)
  region size 1024K, 3 young (3072K), 3 survivors (3072K)
 Metaspace       used 74557K, committed 75072K, reserved 1122304K
  class space    used 9613K, committed 9856K, reserved 1048576K
}
Event: 10.910 GC heap before
{Heap before GC invocations=40 (full 0):
 garbage-first heap   total 89088K, used 52347K [0x0000000080e00000, 0x0000000100000000)
  region size 1024K, 4 young (4096K), 3 survivors (3072K)
 Metaspace       used 74557K, committed 75072K, reserved 1122304K
  class space    used 9613K, committed 9856K, reserved 1048576K
}
Event: 10.915 GC heap after
{Heap after GC invocations=41 (full 0):
 garbage-first heap   total 221184K, used 45597K [0x0000000080e00000, 0x0000000100000000)
  region size 1024K, 1 young (1024K), 1 survivors (1024K)
 Metaspace       used 74557K, committed 75072K, reserved 1122304K
  class space    used 9613K, committed 9856K, reserved 1048576K
}
Event: 11.836 GC heap before
{Heap before GC invocations=41 (full 0):
 garbage-first heap   total 221184K, used 127517K [0x0000000080e00000, 0x0000000100000000)
  region size 1024K, 81 young (82944K), 1 survivors (1024K)
 Metaspace       used 76954K, committed 77504K, reserved 1122304K
  class space    used 9924K, committed 10176K, reserved 1048576K
}
Event: 11.846 GC heap after
{Heap after GC invocations=42 (full 0):
 garbage-first heap   total 221184K, used 53588K [0x0000000080e00000, 0x0000000100000000)
  region size 1024K, 9 young (9216K), 9 survivors (9216K)
 Metaspace       used 76954K, committed 77504K, reserved 1122304K
  class space    used 9924K, committed 10176K, reserved 1048576K
}
Event: 1272.508 GC heap before
{Heap before GC invocations=42 (full 0):
 garbage-first heap   total 221184K, used 143700K [0x0000000080e00000, 0x0000000100000000)
  region size 1024K, 98 young (100352K), 9 survivors (9216K)
 Metaspace       used 84516K, committed 85184K, reserved 1130496K
  class space    used 10912K, committed 11200K, reserved 1048576K
}
Event: 1272.546 GC heap after
{Heap after GC invocations=43 (full 0):
 garbage-first heap   total 221184K, used 57525K [0x0000000080e00000, 0x0000000100000000)
  region size 1024K, 4 young (4096K), 4 survivors (4096K)
 Metaspace       used 84516K, committed 85184K, reserved 1130496K
  class space    used 10912K, committed 11200K, reserved 1048576K
}

